<?xml version="1.0" encoding="UTF-8"?>
<testsuite xmlns:xsi="http://www.w3.org/2001/XMLSchema-instance" xsi:noNamespaceSchemaLocation="https://maven.apache.org/surefire/maven-surefire-plugin/xsd/surefire-test-report.xsd" name="edu.pdx.cs410J.bspriggs.server.PhoneBillServiceImplTest" time="0.095" tests="1" errors="0" skipped="0" failures="0">
  <properties>
    <property name="awt.toolkit" value="sun.awt.X11.XToolkit"/>
    <property name="java.specification.version" value="10"/>
    <property name="file.encoding.pkg" value="sun.io"/>
    <property name="sun.cpu.isalist" value=""/>
    <property name="sun.jnu.encoding" value="UTF-8"/>
    <property name="java.class.path" value="/home/bspriggs/git/phonebill-gwt/target/test-classes:/home/bspriggs/git/phonebill-gwt/target/phonebill/WEB-INF/classes:/home/bspriggs/.m2/repository/edu/pdx/cs410J/projects/Summer2018/projects-Summer2018.jar:/home/bspriggs/.m2/repository/edu/pdx/cs410J/projects/Summer2018/projects-Summer2018-sources.jar:/home/bspriggs/.m2/repository/com/google/guava/guava-gwt/18.0/guava-gwt-18.0.jar:/home/bspriggs/.m2/repository/com/google/code/findbugs/jsr305/1.3.9/jsr305-1.3.9.jar:/home/bspriggs/.m2/repository/com/google/guava/guava/18.0/guava-18.0.jar:/home/bspriggs/.m2/repository/edu/pdx/cs410J/examples/Summer2018/examples-Summer2018.jar:/home/bspriggs/.m2/repository/edu/pdx/cs410J/family/Summer2018/family-Summer2018.jar:/home/bspriggs/.m2/repository/javax/mail/javax.mail-api/1.6.1/javax.mail-api-1.6.1.jar:/home/bspriggs/.m2/repository/javax/activation/activation/1.1/activation-1.1.jar:/home/bspriggs/.m2/repository/com/google/inject/guice/4.2.0/guice-4.2.0.jar:/home/bspriggs/.m2/repository/javax/inject/javax.inject/1/javax.inject-1.jar:/home/bspriggs/.m2/repository/aopalliance/aopalliance/1.0/aopalliance-1.0.jar:/home/bspriggs/.m2/repository/org/codehaus/groovy/groovy-all/2.4.10/groovy-all-2.4.10.jar:/home/bspriggs/.m2/repository/com/blueesoteric/gwt-syncproxy/0.5/gwt-syncproxy-0.5.jar:/home/bspriggs/.m2/repository/com/google/gwt/gwt-servlet/2.8.2/gwt-servlet-2.8.2.jar:/home/bspriggs/.m2/repository/com/google/gwt/gwt-user/2.8.2/gwt-user-2.8.2.jar:/home/bspriggs/.m2/repository/com/google/jsinterop/jsinterop-annotations/1.0.2/jsinterop-annotations-1.0.2.jar:/home/bspriggs/.m2/repository/com/google/jsinterop/jsinterop-annotations/1.0.2/jsinterop-annotations-1.0.2-sources.jar:/home/bspriggs/.m2/repository/javax/validation/validation-api/1.0.0.GA/validation-api-1.0.0.GA.jar:/home/bspriggs/.m2/repository/javax/validation/validation-api/1.0.0.GA/validation-api-1.0.0.GA-sources.jar:/home/bspriggs/.m2/repository/javax/servlet/javax.servlet-api/3.1.0/javax.servlet-api-3.1.0.jar:/home/bspriggs/.m2/repository/org/w3c/css/sac/1.3/sac-1.3.jar:/home/bspriggs/.m2/repository/com/google/gwt/gwt-dev/2.8.2/gwt-dev-2.8.2.jar:/home/bspriggs/.m2/repository/com/google/code/gson/gson/2.6.2/gson-2.6.2.jar:/home/bspriggs/.m2/repository/org/ow2/asm/asm/5.0.3/asm-5.0.3.jar:/home/bspriggs/.m2/repository/org/ow2/asm/asm-util/5.0.3/asm-util-5.0.3.jar:/home/bspriggs/.m2/repository/org/ow2/asm/asm-tree/5.0.3/asm-tree-5.0.3.jar:/home/bspriggs/.m2/repository/org/ow2/asm/asm-commons/5.0.3/asm-commons-5.0.3.jar:/home/bspriggs/.m2/repository/colt/colt/1.2.0/colt-1.2.0.jar:/home/bspriggs/.m2/repository/ant/ant/1.6.5/ant-1.6.5.jar:/home/bspriggs/.m2/repository/commons-collections/commons-collections/3.2.2/commons-collections-3.2.2.jar:/home/bspriggs/.m2/repository/commons-io/commons-io/2.4/commons-io-2.4.jar:/home/bspriggs/.m2/repository/com/ibm/icu/icu4j/50.1.1/icu4j-50.1.1.jar:/home/bspriggs/.m2/repository/tapestry/tapestry/4.0.2/tapestry-4.0.2.jar:/home/bspriggs/.m2/repository/net/sourceforge/htmlunit/htmlunit/2.19/htmlunit-2.19.jar:/home/bspriggs/.m2/repository/xalan/xalan/2.7.2/xalan-2.7.2.jar:/home/bspriggs/.m2/repository/xalan/serializer/2.7.2/serializer-2.7.2.jar:/home/bspriggs/.m2/repository/org/apache/commons/commons-lang3/3.4/commons-lang3-3.4.jar:/home/bspriggs/.m2/repository/org/apache/httpcomponents/httpclient/4.5.1/httpclient-4.5.1.jar:/home/bspriggs/.m2/repository/org/apache/httpcomponents/httpcore/4.4.3/httpcore-4.4.3.jar:/home/bspriggs/.m2/repository/org/apache/httpcomponents/httpmime/4.5.1/httpmime-4.5.1.jar:/home/bspriggs/.m2/repository/commons-codec/commons-codec/1.10/commons-codec-1.10.jar:/home/bspriggs/.m2/repository/net/sourceforge/htmlunit/htmlunit-core-js/2.17/htmlunit-core-js-2.17.jar:/home/bspriggs/.m2/repository/xerces/xercesImpl/2.11.0/xercesImpl-2.11.0.jar:/home/bspriggs/.m2/repository/xml-apis/xml-apis/1.4.01/xml-apis-1.4.01.jar:/home/bspriggs/.m2/repository/net/sourceforge/nekohtml/nekohtml/1.9.22/nekohtml-1.9.22.jar:/home/bspriggs/.m2/repository/net/sourceforge/cssparser/cssparser/0.9.18/cssparser-0.9.18.jar:/home/bspriggs/.m2/repository/commons-logging/commons-logging/1.2/commons-logging-1.2.jar:/home/bspriggs/.m2/repository/org/eclipse/jetty/websocket/websocket-client/9.2.13.v20150730/websocket-client-9.2.13.v20150730.jar:/home/bspriggs/.m2/repository/org/eclipse/jetty/websocket/websocket-common/9.2.14.v20151106/websocket-common-9.2.14.v20151106.jar:/home/bspriggs/.m2/repository/org/eclipse/jetty/websocket/websocket-api/9.2.14.v20151106/websocket-api-9.2.14.v20151106.jar:/home/bspriggs/.m2/repository/org/eclipse/jetty/jetty-webapp/9.2.14.v20151106/jetty-webapp-9.2.14.v20151106.jar:/home/bspriggs/.m2/repository/org/eclipse/jetty/jetty-xml/9.2.14.v20151106/jetty-xml-9.2.14.v20151106.jar:/home/bspriggs/.m2/repository/org/eclipse/jetty/jetty-servlet/9.2.14.v20151106/jetty-servlet-9.2.14.v20151106.jar:/home/bspriggs/.m2/repository/org/eclipse/jetty/jetty-security/9.2.14.v20151106/jetty-security-9.2.14.v20151106.jar:/home/bspriggs/.m2/repository/org/eclipse/jetty/jetty-servlets/9.2.14.v20151106/jetty-servlets-9.2.14.v20151106.jar:/home/bspriggs/.m2/repository/org/eclipse/jetty/jetty-continuation/9.2.14.v20151106/jetty-continuation-9.2.14.v20151106.jar:/home/bspriggs/.m2/repository/org/eclipse/jetty/jetty-http/9.2.14.v20151106/jetty-http-9.2.14.v20151106.jar:/home/bspriggs/.m2/repository/org/eclipse/jetty/jetty-util/9.2.14.v20151106/jetty-util-9.2.14.v20151106.jar:/home/bspriggs/.m2/repository/org/eclipse/jetty/jetty-io/9.2.14.v20151106/jetty-io-9.2.14.v20151106.jar:/home/bspriggs/.m2/repository/org/eclipse/jetty/jetty-annotations/9.2.14.v20151106/jetty-annotations-9.2.14.v20151106.jar:/home/bspriggs/.m2/repository/org/eclipse/jetty/jetty-plus/9.2.14.v20151106/jetty-plus-9.2.14.v20151106.jar:/home/bspriggs/.m2/repository/org/eclipse/jetty/jetty-jndi/9.2.14.v20151106/jetty-jndi-9.2.14.v20151106.jar:/home/bspriggs/.m2/repository/javax/annotation/javax.annotation-api/1.2/javax.annotation-api-1.2.jar:/home/bspriggs/.m2/repository/org/eclipse/jetty/apache-jsp/9.2.14.v20151106/apache-jsp-9.2.14.v20151106.jar:/home/bspriggs/.m2/repository/org/eclipse/jetty/jetty-server/9.2.14.v20151106/jetty-server-9.2.14.v20151106.jar:/home/bspriggs/.m2/repository/org/eclipse/jetty/toolchain/jetty-schemas/3.1.M0/jetty-schemas-3.1.M0.jar:/home/bspriggs/.m2/repository/org/mortbay/jasper/apache-jsp/8.0.9.M3/apache-jsp-8.0.9.M3.jar:/home/bspriggs/.m2/repository/org/mortbay/jasper/apache-el/8.0.9.M3/apache-el-8.0.9.M3.jar:/home/bspriggs/.m2/repository/junit/junit/4.12/junit-4.12.jar:/home/bspriggs/.m2/repository/org/hamcrest/hamcrest-core/1.3/hamcrest-core-1.3.jar:"/>
    <property name="java.vm.vendor" value="Oracle Corporation"/>
    <property name="sun.arch.data.model" value="64"/>
    <property name="java.vendor.url" value="http://java.oracle.com/"/>
    <property name="user.timezone" value=""/>
    <property name="java.vm.specification.version" value="10"/>
    <property name="os.name" value="Linux"/>
    <property name="sun.java.launcher" value="SUN_STANDARD"/>
    <property name="user.country" value="US"/>
    <property name="sun.boot.library.path" value="/opt/jdk-10.0.1/lib"/>
    <property name="sun.java.command" value="/home/bspriggs/git/phonebill-gwt/target/surefire/surefirebooter2192774575562555333.jar /home/bspriggs/git/phonebill-gwt/target/surefire 2018-08-01T18-43-57_941-jvmRun1 surefire8294531582169482162tmp surefire_014770247028505271716tmp"/>
    <property name="jdk.debug" value="release"/>
    <property name="surefire.test.class.path" value="/home/bspriggs/git/phonebill-gwt/target/test-classes:/home/bspriggs/git/phonebill-gwt/target/phonebill/WEB-INF/classes:/home/bspriggs/.m2/repository/edu/pdx/cs410J/projects/Summer2018/projects-Summer2018.jar:/home/bspriggs/.m2/repository/edu/pdx/cs410J/projects/Summer2018/projects-Summer2018-sources.jar:/home/bspriggs/.m2/repository/com/google/guava/guava-gwt/18.0/guava-gwt-18.0.jar:/home/bspriggs/.m2/repository/com/google/code/findbugs/jsr305/1.3.9/jsr305-1.3.9.jar:/home/bspriggs/.m2/repository/com/google/guava/guava/18.0/guava-18.0.jar:/home/bspriggs/.m2/repository/edu/pdx/cs410J/examples/Summer2018/examples-Summer2018.jar:/home/bspriggs/.m2/repository/edu/pdx/cs410J/family/Summer2018/family-Summer2018.jar:/home/bspriggs/.m2/repository/javax/mail/javax.mail-api/1.6.1/javax.mail-api-1.6.1.jar:/home/bspriggs/.m2/repository/javax/activation/activation/1.1/activation-1.1.jar:/home/bspriggs/.m2/repository/com/google/inject/guice/4.2.0/guice-4.2.0.jar:/home/bspriggs/.m2/repository/javax/inject/javax.inject/1/javax.inject-1.jar:/home/bspriggs/.m2/repository/aopalliance/aopalliance/1.0/aopalliance-1.0.jar:/home/bspriggs/.m2/repository/org/codehaus/groovy/groovy-all/2.4.10/groovy-all-2.4.10.jar:/home/bspriggs/.m2/repository/com/blueesoteric/gwt-syncproxy/0.5/gwt-syncproxy-0.5.jar:/home/bspriggs/.m2/repository/com/google/gwt/gwt-servlet/2.8.2/gwt-servlet-2.8.2.jar:/home/bspriggs/.m2/repository/com/google/gwt/gwt-user/2.8.2/gwt-user-2.8.2.jar:/home/bspriggs/.m2/repository/com/google/jsinterop/jsinterop-annotations/1.0.2/jsinterop-annotations-1.0.2.jar:/home/bspriggs/.m2/repository/com/google/jsinterop/jsinterop-annotations/1.0.2/jsinterop-annotations-1.0.2-sources.jar:/home/bspriggs/.m2/repository/javax/validation/validation-api/1.0.0.GA/validation-api-1.0.0.GA.jar:/home/bspriggs/.m2/repository/javax/validation/validation-api/1.0.0.GA/validation-api-1.0.0.GA-sources.jar:/home/bspriggs/.m2/repository/javax/servlet/javax.servlet-api/3.1.0/javax.servlet-api-3.1.0.jar:/home/bspriggs/.m2/repository/org/w3c/css/sac/1.3/sac-1.3.jar:/home/bspriggs/.m2/repository/com/google/gwt/gwt-dev/2.8.2/gwt-dev-2.8.2.jar:/home/bspriggs/.m2/repository/com/google/code/gson/gson/2.6.2/gson-2.6.2.jar:/home/bspriggs/.m2/repository/org/ow2/asm/asm/5.0.3/asm-5.0.3.jar:/home/bspriggs/.m2/repository/org/ow2/asm/asm-util/5.0.3/asm-util-5.0.3.jar:/home/bspriggs/.m2/repository/org/ow2/asm/asm-tree/5.0.3/asm-tree-5.0.3.jar:/home/bspriggs/.m2/repository/org/ow2/asm/asm-commons/5.0.3/asm-commons-5.0.3.jar:/home/bspriggs/.m2/repository/colt/colt/1.2.0/colt-1.2.0.jar:/home/bspriggs/.m2/repository/ant/ant/1.6.5/ant-1.6.5.jar:/home/bspriggs/.m2/repository/commons-collections/commons-collections/3.2.2/commons-collections-3.2.2.jar:/home/bspriggs/.m2/repository/commons-io/commons-io/2.4/commons-io-2.4.jar:/home/bspriggs/.m2/repository/com/ibm/icu/icu4j/50.1.1/icu4j-50.1.1.jar:/home/bspriggs/.m2/repository/tapestry/tapestry/4.0.2/tapestry-4.0.2.jar:/home/bspriggs/.m2/repository/net/sourceforge/htmlunit/htmlunit/2.19/htmlunit-2.19.jar:/home/bspriggs/.m2/repository/xalan/xalan/2.7.2/xalan-2.7.2.jar:/home/bspriggs/.m2/repository/xalan/serializer/2.7.2/serializer-2.7.2.jar:/home/bspriggs/.m2/repository/org/apache/commons/commons-lang3/3.4/commons-lang3-3.4.jar:/home/bspriggs/.m2/repository/org/apache/httpcomponents/httpclient/4.5.1/httpclient-4.5.1.jar:/home/bspriggs/.m2/repository/org/apache/httpcomponents/httpcore/4.4.3/httpcore-4.4.3.jar:/home/bspriggs/.m2/repository/org/apache/httpcomponents/httpmime/4.5.1/httpmime-4.5.1.jar:/home/bspriggs/.m2/repository/commons-codec/commons-codec/1.10/commons-codec-1.10.jar:/home/bspriggs/.m2/repository/net/sourceforge/htmlunit/htmlunit-core-js/2.17/htmlunit-core-js-2.17.jar:/home/bspriggs/.m2/repository/xerces/xercesImpl/2.11.0/xercesImpl-2.11.0.jar:/home/bspriggs/.m2/repository/xml-apis/xml-apis/1.4.01/xml-apis-1.4.01.jar:/home/bspriggs/.m2/repository/net/sourceforge/nekohtml/nekohtml/1.9.22/nekohtml-1.9.22.jar:/home/bspriggs/.m2/repository/net/sourceforge/cssparser/cssparser/0.9.18/cssparser-0.9.18.jar:/home/bspriggs/.m2/repository/commons-logging/commons-logging/1.2/commons-logging-1.2.jar:/home/bspriggs/.m2/repository/org/eclipse/jetty/websocket/websocket-client/9.2.13.v20150730/websocket-client-9.2.13.v20150730.jar:/home/bspriggs/.m2/repository/org/eclipse/jetty/websocket/websocket-common/9.2.14.v20151106/websocket-common-9.2.14.v20151106.jar:/home/bspriggs/.m2/repository/org/eclipse/jetty/websocket/websocket-api/9.2.14.v20151106/websocket-api-9.2.14.v20151106.jar:/home/bspriggs/.m2/repository/org/eclipse/jetty/jetty-webapp/9.2.14.v20151106/jetty-webapp-9.2.14.v20151106.jar:/home/bspriggs/.m2/repository/org/eclipse/jetty/jetty-xml/9.2.14.v20151106/jetty-xml-9.2.14.v20151106.jar:/home/bspriggs/.m2/repository/org/eclipse/jetty/jetty-servlet/9.2.14.v20151106/jetty-servlet-9.2.14.v20151106.jar:/home/bspriggs/.m2/repository/org/eclipse/jetty/jetty-security/9.2.14.v20151106/jetty-security-9.2.14.v20151106.jar:/home/bspriggs/.m2/repository/org/eclipse/jetty/jetty-servlets/9.2.14.v20151106/jetty-servlets-9.2.14.v20151106.jar:/home/bspriggs/.m2/repository/org/eclipse/jetty/jetty-continuation/9.2.14.v20151106/jetty-continuation-9.2.14.v20151106.jar:/home/bspriggs/.m2/repository/org/eclipse/jetty/jetty-http/9.2.14.v20151106/jetty-http-9.2.14.v20151106.jar:/home/bspriggs/.m2/repository/org/eclipse/jetty/jetty-util/9.2.14.v20151106/jetty-util-9.2.14.v20151106.jar:/home/bspriggs/.m2/repository/org/eclipse/jetty/jetty-io/9.2.14.v20151106/jetty-io-9.2.14.v20151106.jar:/home/bspriggs/.m2/repository/org/eclipse/jetty/jetty-annotations/9.2.14.v20151106/jetty-annotations-9.2.14.v20151106.jar:/home/bspriggs/.m2/repository/org/eclipse/jetty/jetty-plus/9.2.14.v20151106/jetty-plus-9.2.14.v20151106.jar:/home/bspriggs/.m2/repository/org/eclipse/jetty/jetty-jndi/9.2.14.v20151106/jetty-jndi-9.2.14.v20151106.jar:/home/bspriggs/.m2/repository/javax/annotation/javax.annotation-api/1.2/javax.annotation-api-1.2.jar:/home/bspriggs/.m2/repository/org/eclipse/jetty/apache-jsp/9.2.14.v20151106/apache-jsp-9.2.14.v20151106.jar:/home/bspriggs/.m2/repository/org/eclipse/jetty/jetty-server/9.2.14.v20151106/jetty-server-9.2.14.v20151106.jar:/home/bspriggs/.m2/repository/org/eclipse/jetty/toolchain/jetty-schemas/3.1.M0/jetty-schemas-3.1.M0.jar:/home/bspriggs/.m2/repository/org/mortbay/jasper/apache-jsp/8.0.9.M3/apache-jsp-8.0.9.M3.jar:/home/bspriggs/.m2/repository/org/mortbay/jasper/apache-el/8.0.9.M3/apache-el-8.0.9.M3.jar:/home/bspriggs/.m2/repository/junit/junit/4.12/junit-4.12.jar:/home/bspriggs/.m2/repository/org/hamcrest/hamcrest-core/1.3/hamcrest-core-1.3.jar:"/>
    <property name="sun.cpu.endian" value="little"/>
    <property name="user.home" value="/home/bspriggs"/>
    <property name="user.language" value="en"/>
    <property name="java.specification.vendor" value="Oracle Corporation"/>
    <property name="java.version.date" value="2018-04-17"/>
    <property name="java.home" value="/opt/jdk-10.0.1"/>
    <property name="file.separator" value="/"/>
    <property name="basedir" value="/home/bspriggs/git/phonebill-gwt"/>
    <property name="java.vm.compressedOopsMode" value="Zero based"/>
    <property name="line.separator" value="&#10;"/>
    <property name="java.specification.name" value="Java Platform API Specification"/>
    <property name="java.vm.specification.vendor" value="Oracle Corporation"/>
    <property name="java.awt.graphicsenv" value="sun.awt.X11GraphicsEnvironment"/>
    <property name="surefire.real.class.path" value="/home/bspriggs/git/phonebill-gwt/target/surefire/surefirebooter2192774575562555333.jar"/>
    <property name="sun.management.compiler" value="HotSpot 64-Bit Tiered Compilers"/>
    <property name="java.runtime.version" value="10.0.1+10"/>
    <property name="user.name" value="bspriggs"/>
    <property name="path.separator" value=":"/>
    <property name="os.version" value="4.15.0-29-generic"/>
    <property name="java.runtime.name" value="OpenJDK Runtime Environment"/>
    <property name="file.encoding" value="UTF-8"/>
    <property name="java.vm.name" value="OpenJDK 64-Bit Server VM"/>
    <property name="localRepository" value="/home/bspriggs/.m2/repository"/>
    <property name="java.vendor.url.bug" value="http://bugreport.java.com/bugreport/"/>
    <property name="java.io.tmpdir" value="/tmp"/>
    <property name="java.version" value="10.0.1"/>
    <property name="user.dir" value="/home/bspriggs/git/phonebill-gwt"/>
    <property name="os.arch" value="amd64"/>
    <property name="java.vm.specification.name" value="Java Virtual Machine Specification"/>
    <property name="java.awt.printerjob" value="sun.print.PSPrinterJob"/>
    <property name="sun.os.patch.level" value="unknown"/>
    <property name="java.library.path" value="/usr/java/packages/lib:/usr/lib64:/lib64:/lib:/usr/lib"/>
    <property name="java.vendor" value="Oracle Corporation"/>
    <property name="java.vm.info" value="mixed mode"/>
    <property name="java.vm.version" value="10.0.1+10"/>
    <property name="sun.io.unicode.encoding" value="UnicodeLittle"/>
    <property name="java.class.version" value="54.0"/>
  </properties>
  <testcase name="serviceReturnsExpectedPhoneBill" classname="edu.pdx.cs410J.bspriggs.server.PhoneBillServiceImplTest" time="0.037"/>
</testsuite>